[debug] [2020-12-21T23:13:39.217Z] ----------------------------------------------------------------------
[debug] [2020-12-21T23:13:39.220Z] Command:       D:\Program Files\nodejs\node.exe C:\Users\AMAN KHAN\AppData\Roaming\npm\node_modules\firebase-tools\lib\bin\firebase.js init
[debug] [2020-12-21T23:13:39.220Z] CLI Version:   9.1.0
[debug] [2020-12-21T23:13:39.220Z] Platform:      win32
[debug] [2020-12-21T23:13:39.220Z] Node Version:  v15.4.0
[debug] [2020-12-21T23:13:39.262Z] Time:          Mon Dec 21 2020 15:13:39 GMT-0800 (Pacific Standard Time)
[debug] [2020-12-21T23:13:39.262Z] ----------------------------------------------------------------------
[debug] [2020-12-21T23:13:39.262Z] 
[debug] [2020-12-21T23:13:39.265Z] >>> [apiv2][query] GET https://firebase-public.firebaseio.com/cli.json [none]
[debug] [2020-12-21T23:13:39.290Z] > command requires scopes: ["email","openid","https://www.googleapis.com/auth/cloudplatformprojects.readonly","https://www.googleapis.com/auth/firebase","https://www.googleapis.com/auth/cloud-platform"]
[debug] [2020-12-21T23:13:39.290Z] > authorizing via signed-in user
[info] 
     ######## #### ########  ######## ########     ###     ######  ########
     ##        ##  ##     ## ##       ##     ##  ##   ##  ##       ##
     ######    ##  ########  ######   ########  #########  ######  ######
     ##        ##  ##    ##  ##       ##     ## ##     ##       ## ##
     ##       #### ##     ## ######## ########  ##     ##  ######  ########

You're about to initialize a Firebase project in this directory:

  D:\tsaProject\tsaproject

[debug] [2020-12-21T23:13:39.798Z] <<< [apiv2][status] GET https://firebase-public.firebaseio.com/cli.json 200
[debug] [2020-12-21T23:13:39.798Z] <<< [apiv2][body] GET https://firebase-public.firebaseio.com/cli.json {"cloudBuildErrorAfter":1594252800000,"cloudBuildWarnAfter":1590019200000,"defaultNode10After":1594252800000,"minVersion":"3.0.5","node8DeploysDisabledAfter":1613390400000,"node8RuntimeDisabledAfter":1615809600000,"node8WarnAfter":1600128000000}
[info] 
=== Project Setup
[info] 
[info] First, let's associate this project directory with a Firebase project.
[info] You can create multiple project aliases by running firebase use --add, 
[info] but for now we'll just set up a default project.
[info] 
[info] i  If you want to create a project in a Google Cloud organization or folder, please use "firebase projects:create" instead, and return to this command when you've created the project. 
[debug] [2020-12-21T23:14:22.184Z] > refreshing access token with scopes: ["email","https://www.googleapis.com/auth/cloud-platform","https://www.googleapis.com/auth/cloudplatformprojects.readonly","https://www.googleapis.com/auth/firebase","openid"]
[debug] [2020-12-21T23:14:22.185Z] >>> HTTP REQUEST POST https://www.googleapis.com/oauth2/v3/token  
 <request body omitted>
[debug] [2020-12-21T23:14:22.310Z] <<< HTTP RESPONSE 200 {"expires":"Mon, 01 Jan 1990 00:00:00 GMT","cache-control":"no-cache, no-store, max-age=0, must-revalidate","pragma":"no-cache","date":"Mon, 21 Dec 2020 23:14:18 GMT","content-type":"application/json; charset=utf-8","vary":"X-Origin, Referer, Origin,Accept-Encoding","server":"scaffolding on HTTPServer2","x-xss-protection":"0","x-frame-options":"SAMEORIGIN","x-content-type-options":"nosniff","alt-svc":"h3-29=\":443\"; ma=2592000,h3-T051=\":443\"; ma=2592000,h3-Q050=\":443\"; ma=2592000,h3-Q046=\":443\"; ma=2592000,h3-Q043=\":443\"; ma=2592000,quic=\":443\"; ma=2592000; v=\"46,43\"","accept-ranges":"none","transfer-encoding":"chunked"}
[debug] [2020-12-21T23:14:22.324Z] >>> HTTP REQUEST POST https://cloudresourcemanager.googleapis.com/v1/projects  
 {"projectId":"tsaProject","name":"tsaProject"}
[debug] [2020-12-21T23:14:22.470Z] <<< HTTP RESPONSE 400 {"vary":"X-Origin, Referer, Origin,Accept-Encoding","content-type":"application/json; charset=UTF-8","date":"Mon, 21 Dec 2020 23:14:18 GMT","server":"ESF","cache-control":"private","x-xss-protection":"0","x-frame-options":"SAMEORIGIN","x-content-type-options":"nosniff","server-timing":"gfet4t7; dur=50","alt-svc":"h3-29=\":443\"; ma=2592000,h3-T051=\":443\"; ma=2592000,h3-Q050=\":443\"; ma=2592000,h3-Q046=\":443\"; ma=2592000,h3-Q043=\":443\"; ma=2592000,quic=\":443\"; ma=2592000; v=\"46,43\"","accept-ranges":"none","transfer-encoding":"chunked"}
[debug] [2020-12-21T23:14:22.470Z] <<< HTTP RESPONSE BODY {"error":{"code":400,"message":"field [project_id] has issue [project_id contains invalid characters]","status":"INVALID_ARGUMENT","details":[{"@type":"type.googleapis.com/google.rpc.BadRequest","fieldViolations":[{"field":"project_id","description":"project_id contains invalid characters"}]},{"@type":"type.googleapis.com/google.rpc.Help","links":[{"url":"https://cloud.google.com/resource-manager/reference/rest/v1/projects"}]}]}}
[debug] [2020-12-21T23:14:22.479Z] FirebaseError: HTTP Error: 400, field [project_id] has issue [project_id contains invalid characters]
    at module.exports (C:\Users\AMAN KHAN\AppData\Roaming\npm\node_modules\firebase-tools\lib\responseToError.js:38:12)
    at Request._callback (C:\Users\AMAN KHAN\AppData\Roaming\npm\node_modules\firebase-tools\lib\api.js:41:35)
    at Request.self.callback (C:\Users\AMAN KHAN\AppData\Roaming\npm\node_modules\firebase-tools\node_modules\request\request.js:185:22)
    at Request.emit (node:events:376:20)
    at Request.EventEmitter.emit (node:domain:470:12)
    at Request.<anonymous> (C:\Users\AMAN KHAN\AppData\Roaming\npm\node_modules\firebase-tools\node_modules\request\request.js:1154:10)
    at Request.emit (node:events:376:20)
    at Request.EventEmitter.emit (node:domain:470:12)
    at IncomingMessage.<anonymous> (C:\Users\AMAN KHAN\AppData\Roaming\npm\node_modules\firebase-tools\node_modules\request\request.js:1076:12)
    at Object.onceWrapper (node:events:482:28)
    at IncomingMessage.emit (node:events:388:22)
    at IncomingMessage.EventEmitter.emit (node:domain:470:12)
    at endReadableNT (node:internal/streams/readable:1295:12)
    at processTicksAndRejections (node:internal/process/task_queues:80:21)
[error] 
[error] Error: Failed to create project. See firebase-debug.log for more info.
[debug] [2020-12-21T23:14:58.833Z] ----------------------------------------------------------------------
[debug] [2020-12-21T23:14:58.835Z] Command:       D:\Program Files\nodejs\node.exe C:\Users\AMAN KHAN\AppData\Roaming\npm\node_modules\firebase-tools\lib\bin\firebase.js init
[debug] [2020-12-21T23:14:58.836Z] CLI Version:   9.1.0
[debug] [2020-12-21T23:14:58.836Z] Platform:      win32
[debug] [2020-12-21T23:14:58.836Z] Node Version:  v15.4.0
[debug] [2020-12-21T23:14:58.837Z] Time:          Mon Dec 21 2020 15:14:58 GMT-0800 (Pacific Standard Time)
[debug] [2020-12-21T23:14:58.837Z] ----------------------------------------------------------------------
[debug] [2020-12-21T23:14:58.837Z] 
[debug] [2020-12-21T23:14:58.843Z] > command requires scopes: ["email","openid","https://www.googleapis.com/auth/cloudplatformprojects.readonly","https://www.googleapis.com/auth/firebase","https://www.googleapis.com/auth/cloud-platform"]
[debug] [2020-12-21T23:14:58.844Z] > authorizing via signed-in user
[info] 
     ######## #### ########  ######## ########     ###     ######  ########
     ##        ##  ##     ## ##       ##     ##  ##   ##  ##       ##
     ######    ##  ########  ######   ########  #########  ######  ######
     ##        ##  ##    ##  ##       ##     ## ##     ##       ## ##
     ##       #### ##     ## ######## ########  ##     ##  ######  ########

You're about to initialize a Firebase project in this directory:

  D:\tsaProject\tsaproject

[info] 
=== Project Setup
[info] 
[info] First, let's associate this project directory with a Firebase project.
[info] You can create multiple project aliases by running firebase use --add, 
[info] but for now we'll just set up a default project.
[info] 
[info] i  If you want to create a project in a Google Cloud organization or folder, please use "firebase projects:create" instead, and return to this command when you've created the project. 
[debug] [2020-12-21T23:15:35.649Z] >>> HTTP REQUEST POST https://cloudresourcemanager.googleapis.com/v1/projects  
 {"projectId":"tsaProject","name":"tsaProject"}
[debug] [2020-12-21T23:15:35.987Z] <<< HTTP RESPONSE 400 {"vary":"X-Origin, Referer, Origin,Accept-Encoding","content-type":"application/json; charset=UTF-8","date":"Mon, 21 Dec 2020 23:15:32 GMT","server":"ESF","cache-control":"private","x-xss-protection":"0","x-frame-options":"SAMEORIGIN","x-content-type-options":"nosniff","server-timing":"gfet4t7; dur=48","alt-svc":"h3-29=\":443\"; ma=2592000,h3-T051=\":443\"; ma=2592000,h3-Q050=\":443\"; ma=2592000,h3-Q046=\":443\"; ma=2592000,h3-Q043=\":443\"; ma=2592000,quic=\":443\"; ma=2592000; v=\"46,43\"","accept-ranges":"none","transfer-encoding":"chunked"}
[debug] [2020-12-21T23:15:35.987Z] <<< HTTP RESPONSE BODY {"error":{"code":400,"message":"field [project_id] has issue [project_id contains invalid characters]","status":"INVALID_ARGUMENT","details":[{"@type":"type.googleapis.com/google.rpc.BadRequest","fieldViolations":[{"field":"project_id","description":"project_id contains invalid characters"}]},{"@type":"type.googleapis.com/google.rpc.Help","links":[{"url":"https://cloud.google.com/resource-manager/reference/rest/v1/projects"}]}]}}
[debug] [2020-12-21T23:15:35.993Z] FirebaseError: HTTP Error: 400, field [project_id] has issue [project_id contains invalid characters]
    at module.exports (C:\Users\AMAN KHAN\AppData\Roaming\npm\node_modules\firebase-tools\lib\responseToError.js:38:12)
    at Request._callback (C:\Users\AMAN KHAN\AppData\Roaming\npm\node_modules\firebase-tools\lib\api.js:41:35)
    at Request.self.callback (C:\Users\AMAN KHAN\AppData\Roaming\npm\node_modules\firebase-tools\node_modules\request\request.js:185:22)
    at Request.emit (node:events:376:20)
    at Request.EventEmitter.emit (node:domain:470:12)
    at Request.<anonymous> (C:\Users\AMAN KHAN\AppData\Roaming\npm\node_modules\firebase-tools\node_modules\request\request.js:1154:10)
    at Request.emit (node:events:376:20)
    at Request.EventEmitter.emit (node:domain:470:12)
    at IncomingMessage.<anonymous> (C:\Users\AMAN KHAN\AppData\Roaming\npm\node_modules\firebase-tools\node_modules\request\request.js:1076:12)
    at Object.onceWrapper (node:events:482:28)
    at IncomingMessage.emit (node:events:388:22)
    at IncomingMessage.EventEmitter.emit (node:domain:470:12)
    at endReadableNT (node:internal/streams/readable:1295:12)
    at processTicksAndRejections (node:internal/process/task_queues:80:21)
[error] 
[error] Error: Failed to create project. See firebase-debug.log for more info.
